Traceback (most recent call last):
  File "rasis.py", line 10, in <module>
    main()
  File "rasis.py", line 6, in main
    bot.run()
  File "/home/icfpc/.pyenv/versions/rasis/lib/python3.5/site-packages/slackbot/bot.py", line 37, in run
    self._dispatcher.loop()
  File "/home/icfpc/.pyenv/versions/rasis/lib/python3.5/site-packages/slackbot/dispatcher.py", line 144, in loop
    time.sleep(1)
KeyboardInterrupt
Traceback (most recent call last):
  File "/home/icfpc/shared/keitak/IdeaProject/zanki/seeker.py", line 3, in <module>
    import pymongo
ImportError: No module named 'pymongo'
failed to handle message seek unagi with plugin "seek"
Traceback (most recent call last):
  File "/home/icfpc/.pyenv/versions/rasis/lib/python3.5/site-packages/slackbot/dispatcher.py", line 55, in _dispatch_msg_handler
    func(Message(self._client, msg), *args)
  File "/mnt/storage1/shared/rasis/plugins/rasis.py", line 18, in seek
    message.reply(out)
  File "/home/icfpc/.pyenv/versions/rasis/lib/python3.5/site-packages/slackbot/dispatcher.py", line 174, in wrapped
    text = text.decode('utf-8')
AttributeError: 'NoneType' object has no attribute 'decode'
Traceback (most recent call last):
  File "rasis.py", line 10, in <module>
    main()
  File "rasis.py", line 6, in main
    bot.run()
  File "/home/icfpc/.pyenv/versions/rasis/lib/python3.5/site-packages/slackbot/bot.py", line 37, in run
    self._dispatcher.loop()
  File "/home/icfpc/.pyenv/versions/rasis/lib/python3.5/site-packages/slackbot/dispatcher.py", line 144, in loop
    time.sleep(1)
KeyboardInterrupt
Traceback (most recent call last):
  File "/home/icfpc/shared/keitak/IdeaProject/zanki/seeker.py", line 3, in <module>
    import pymongo
ImportError: No module named 'pymongo'
failed to handle message seek unagi with plugin "seek"
Traceback (most recent call last):
  File "/home/icfpc/.pyenv/versions/rasis/lib/python3.5/site-packages/slackbot/dispatcher.py", line 55, in _dispatch_msg_handler
    func(Message(self._client, msg), *args)
  File "/mnt/storage1/shared/rasis/plugins/rasis.py", line 18, in seek
    message.reply(str(out, "utf-8"))
TypeError: coercing to str: need a bytes-like object, NoneType found
Traceback (most recent call last):
  File "rasis.py", line 10, in <module>
    main()
  File "rasis.py", line 6, in main
    bot.run()
  File "/home/icfpc/.pyenv/versions/rasis/lib/python3.5/site-packages/slackbot/bot.py", line 37, in run
    self._dispatcher.loop()
  File "/home/icfpc/.pyenv/versions/rasis/lib/python3.5/site-packages/slackbot/dispatcher.py", line 144, in loop
    time.sleep(1)
KeyboardInterrupt
Traceback (most recent call last):
  File "/home/icfpc/shared/keitak/IdeaProject/zanki/seeker.py", line 3, in <module>
    import pymongo
ImportError: No module named 'pymongo'
Traceback (most recent call last):
  File "/home/icfpc/shared/keitak/IdeaProject/zanki/seeker.py", line 3, in <module>
    import pymongo
ImportError: No module named 'pymongo'
Traceback (most recent call last):
  File "/home/icfpc/shared/keitak/IdeaProject/zanki/seeker.py", line 3, in <module>
    import pymongo
ImportError: No module named 'pymongo'
Traceback (most recent call last):
  File "rasis.py", line 10, in <module>
    main()
  File "rasis.py", line 6, in main
    bot.run()
  File "/home/icfpc/.pyenv/versions/rasis/lib/python3.5/site-packages/slackbot/bot.py", line 37, in run
    self._dispatcher.loop()
  File "/home/icfpc/.pyenv/versions/rasis/lib/python3.5/site-packages/slackbot/dispatcher.py", line 144, in loop
    time.sleep(1)
KeyboardInterrupt
Traceback (most recent call last):
  File "/home/icfpc/shared/keitak/IdeaProject/zanki/seeker.py", line 3, in <module>
    import pymongo
ImportError: No module named 'pymongo'
Traceback (most recent call last):
  File "rasis.py", line 10, in <module>
    main()
  File "rasis.py", line 6, in main
    bot.run()
  File "/home/icfpc/.pyenv/versions/rasis/lib/python3.5/site-packages/slackbot/bot.py", line 37, in run
    self._dispatcher.loop()
  File "/home/icfpc/.pyenv/versions/rasis/lib/python3.5/site-packages/slackbot/dispatcher.py", line 144, in loop
    time.sleep(1)
KeyboardInterrupt
Traceback (most recent call last):
  File "/home/icfpc/shared/keitak/IdeaProject/zanki/seeker.py", line 3, in <module>
    import pymongo
ImportError: No module named 'pymongo'
Traceback (most recent call last):
  File "/home/icfpc/shared/keitak/IdeaProject/zanki/seeker.py", line 3, in <module>
    import pymongo
ImportError: No module named 'pymongo'
Traceback (most recent call last):
  File "/home/icfpc/shared/keitak/IdeaProject/zanki/seeker.py", line 3, in <module>
    import pymongo
ImportError: No module named 'pymongo'



Traceback (most recent call last):
  File "rasis.py", line 10, in <module>
    main()
  File "rasis.py", line 6, in main
    bot.run()
  File "/home/icfpc/.pyenv/versions/rasis/lib/python3.5/site-packages/slackbot/bot.py", line 37, in run
    self._dispatcher.loop()
  File "/home/icfpc/.pyenv/versions/rasis/lib/python3.5/site-packages/slackbot/dispatcher.py", line 144, in loop
    time.sleep(1)
KeyboardInterrupt
Unagi
{u'owner_name': u'Unagi', u'solution_size': 1088, u'resemblances': [0.833762, 0.833762, 0.833762, 0.833762, 0.833762, 0.833762, 0.833762, 0.833762, 0.833762, 0.833762, 0.833762, 0.833762, 0.833762, 0.833762, 0.833762, 0.833762, 0.833762, 0.833762, 0.833762, 0.833762, 0.809849, 0.663004, 0.659385, 0.647, 0.647, 0.647, 0.647, 0.647, 0.647, 0.647, 0.647, 0.647, 0.647, 0.61619, 0.570546, 0.539166, 0.539166, 0.539166, 0.499031, 0.497079, 0.463629, 0.462142, 0.462142, 0.45222, 0.359444, 0.359444, 0.269583, 0.179722, 0.179722, 0.179722, 0.179722, 0.179722, 0.179722, 0.179722, 0.179722, 0.179722, 0.179722, 0.179722, 0.179722, 0.179722, 0.179722, 0.179722, 0.179722, 0.179722, 0.179722, 0.179722, 0.179394], u'best_resemblance': 0.833762, u'_id': ObjectId('57a529b75a4f64ee04b6392f'), u'problem_id': 762, u'owner_id': 42}
{u'owner_name': u'Unagi', u'solution_size': 1650, u'resemblances': [0.88574, 0.853658, 0.853658, 0.853658, 0.853658, 0.853658, 0.853658, 0.853658, 0.853658, 0.853658, 0.853658, 0.853658, 0.853658, 0.853658, 0.853658, 0.853658, 0.853658, 0.853658, 0.853658, 0.634411, 0.585139, 0.572586, 0.53728, 0.53728, 0.53728, 0.53728, 0.53728, 0.53728, 0.53728, 0.53728, 0.53728, 0.53728, 0.531684, 0.523504, 0.517664, 0.478712, 0.429824, 0.429824, 0.429824, 0.408333, 0.361646, 0.358187, 0.358187, 0.272222, 0.272222, 0.225, 0.136111, 0.136111, 0.136111, 0.136111, 0.136111, 0.136111, 0.136111, 0.136111, 0.136111, 0.136111, 0.136111, 0.136111, 0.136111, 0.136111, 0.136111, 0.136111, 0.136111, 0.136111, 0.136111, 0.136111, 0.115049], u'best_resemblance': 0.88574, u'_id': ObjectId('57a550eb5a4f64ee04b63975'), u'problem_id': 1095, u'owner_id': 42}
{u'owner_name': u'Unagi', u'solution_size': 1545, u'resemblances': [0.837648, 0.818475, 0.8125, 0.8125, 0.8125, 0.8125, 0.8125, 0.8125, 0.8125, 0.8125, 0.8125, 0.8125, 0.8125, 0.8125, 0.8125, 0.8125, 0.8125, 0.8125, 0.8125, 0.8125, 0.8125, 0.575572, 0.527362, 0.515873, 0.515873, 0.515873, 0.515873, 0.515873, 0.515873, 0.515873, 0.515873, 0.515873, 0.515873, 0.515873, 0.515873, 0.460045, 0.450818, 0.450749, 0.416129, 0.412698, 0.412698, 0.349417, 0.343915, 0.343915, 0.319018, 0.288888, 0.288888, 0.144444, 0.144444, 0.144444, 0.144444, 0.144444, 0.144444, 0.144444, 0.144444, 0.144444, 0.144444, 0.144444, 0.144444, 0.144444, 0.144444, 0.144444, 0.144444, 0.144444, 0.144444, 0.144444, 0.144444], u'best_resemblance': 0.837648, u'_id': ObjectId('57a551275a4f64ee04b6399d'), u'problem_id': 1148, u'owner_id': 42}
{u'owner_name': u'Unagi', u'solution_size': 2279, u'resemblances': [0.863223, 0.812949, 0.812949, 0.812949, 0.812949, 0.812949, 0.812949, 0.812949, 0.812949, 0.812949, 0.784722, 0.765368, 0.655133, 0.586182, 0.5779, 0.575111, 0.544445, 0.507808, 0.483935, 0.482905, 0.482905, 0.482905, 0.482905, 0.482905, 0.482905, 0.482905, 0.482905, 0.482905, 0.46502, 0.456565, 0.454806, 0.444924, 0.376666, 0.376666, 0.376666, 0.376666, 0.376666, 0.376666, 0.313262, 0.302139, 0.302139, 0.24821, 0.094166, 0.094166, 0.094166, 0.094166, 0.094166, 0.094166, 0.094166, 0.094166, 0.094166, 0.094166, 0.094166, 0.094166, 0.094166, 0.094166, 0.094166, 0.094166, 0.094166, 0.094166, 0.094166, 0.094166, 0.077996], u'best_resemblance': 0.863223, u'_id': ObjectId('57a59acc5a4f64ee04b639ca'), u'problem_id': 1154, u'owner_id': 42}
{u'owner_name': u'Unagi', u'solution_size': 1572, u'resemblances': [0.818854, 0.787671, 0.787671, 0.787671, 0.787671, 0.787671, 0.787671, 0.787671, 0.787671, 0.787671, 0.787671, 0.787671, 0.787671, 0.787671, 0.787671, 0.787671, 0.787671, 0.787671, 0.591049, 0.590585, 0.532407, 0.532407, 0.532407, 0.532407, 0.532407, 0.532407, 0.532407, 0.532407, 0.532407, 0.532407, 0.532407, 0.532407, 0.532407, 0.519522, 0.495603, 0.452991, 0.450343, 0.425925, 0.425925, 0.360569, 0.354938, 0.354938, 0.255555, 0.255555, 0.234693, 0.127777, 0.127777, 0.127777, 0.127777, 0.127777, 0.127777, 0.127777, 0.127777, 0.127777, 0.127777, 0.127777, 0.127777, 0.127777, 0.127777, 0.127777, 0.127777, 0.127777, 0.127777, 0.127777, 0.111719], u'best_resemblance': 0.818854, u'_id': ObjectId('57a59b1c5a4f64ee04b639ff'), u'problem_id': 1157, u'owner_id': 42}
{u'owner_name': u'Unagi', u'solution_size': 1608, u'resemblances': [0.863636, 0.863636, 0.863636, 0.863636, 0.863636, 0.863636, 0.863636, 0.863636, 0.863636, 0.863636, 0.863636, 0.863636, 0.863636, 0.863636, 0.863636, 0.863636, 0.863636, 0.863636, 0.863636, 0.782456, 0.77346, 0.76, 0.76, 0.76, 0.76, 0.76, 0.76, 0.76, 0.76, 0.76, 0.76, 0.76, 0.76, 0.723809, 0.675555, 0.506666, 0.506666, 0.506666, 0.506666, 0.506666, 0.506666, 0.506666, 0.478873, 0.434103, 0.38, 0.38, 0.374622, 0.126666, 0.126666, 0.126666, 0.126666, 0.126666, 0.126666, 0.126666, 0.126666, 0.126666, 0.126666, 0.126666, 0.126666, 0.126666, 0.126666, 0.126666, 0.126666, 0.126666, 0.126666, 0.126666], u'best_resemblance': 0.863636, u'_id': ObjectId('57a59b705a4f64ee04b63a37'), u'problem_id': 1159, u'owner_id': 42}
{u'owner_name': u'Unagi', u'solution_size': 1672, u'resemblances': [0.852607, 0.79482, 0.79482, 0.79482, 0.79482, 0.79482, 0.79482, 0.79482, 0.79482, 0.79482, 0.79482, 0.79482, 0.79482, 0.79482, 0.79482, 0.79482, 0.79482, 0.79482, 0.723342, 0.665, 0.665, 0.665, 0.665, 0.665, 0.665, 0.665, 0.665, 0.665, 0.665, 0.665, 0.665, 0.665, 0.665, 0.665, 0.665, 0.658366, 0.657758, 0.645282, 0.633333, 0.626436, 0.551356, 0.443333, 0.443333, 0.300458, 0.221666, 0.221666, 0.221666, 0.221666, 0.221666, 0.221666, 0.221666, 0.221666, 0.221666, 0.221666, 0.221666, 0.221666, 0.221666, 0.221666, 0.221666, 0.221666, 0.221666, 0.221666, 0.219295], u'best_resemblance': 0.852607, u'_id': ObjectId('57a59bc85a4f64ee04b63a71'), u'problem_id': 1160, u'owner_id': 42}
{u'owner_name': u'Unagi', u'solution_size': 1106, u'resemblances': [0.818681, 0.818681, 0.818681, 0.818681, 0.818681, 0.818681, 0.818681, 0.818681, 0.818681, 0.818681, 0.818681, 0.818681, 0.818681, 0.818681, 0.818681, 0.818681, 0.818681, 0.734015, 0.730386, 0.66402, 0.627525, 0.603238, 0.603238, 0.603238, 0.603238, 0.603238, 0.603238, 0.603238, 0.603238, 0.585964, 0.573076, 0.566001, 0.522807, 0.522807, 0.522807, 0.496666, 0.46799, 0.4613, 0.4613, 0.400621, 0.331111, 0.331111, 0.238095, 0.165555, 0.165555, 0.165555, 0.165555, 0.165555, 0.165555, 0.165555, 0.165555, 0.165555, 0.165555, 0.165555, 0.165555, 0.165555, 0.165555, 0.165555, 0.165555, 0.165555, 0.165555, 0.150219], u'best_resemblance': 0.818681, u'_id': ObjectId('57a59c1e5a4f64ee04b63aab'), u'problem_id': 1163, u'owner_id': 42}
{u'owner_name': u'Unagi', u'solution_size': 1430, u'resemblances': [0.880095, 0.880095, 0.880095, 0.880095, 0.880095, 0.880095, 0.880095, 0.880095, 0.880095, 0.880095, 0.880095, 0.880095, 0.880095, 0.880095, 0.880095, 0.880095, 0.880095, 0.880095, 0.855031, 0.69504, 0.691511, 0.691511, 0.691511, 0.691511, 0.600034, 0.599673, 0.599673, 0.599673, 0.599673, 0.599673, 0.599673, 0.599673, 0.599673, 0.599673, 0.599673, 0.599673, 0.599673, 0.566725, 0.566358, 0.521955, 0.418803, 0.359803, 0.203888, 0.203888, 0.203888, 0.203888, 0.203888, 0.203888, 0.203888, 0.203888, 0.203888, 0.203888, 0.203888, 0.203888, 0.203888, 0.203888, 0.203888, 0.203888, 0.203888, 0.203888, 0.203888, 0.203888, 0.130116], u'best_resemblance': 0.880095, u'_id': ObjectId('57a59c775a4f64ee04b63ae6'), u'problem_id': 1169, u'owner_id': 42}
{u'owner_name': u'Unagi', u'solution_size': 1454, u'resemblances': [0.896423, 0.833641, 0.833641, 0.833641, 0.833641, 0.833641, 0.833641, 0.833641, 0.833641, 0.833641, 0.833641, 0.833641, 0.833641, 0.833641, 0.833641, 0.779829, 0.777063, 0.738226, 0.727502, 0.727502, 0.727502, 0.662141, 0.64245, 0.64245, 0.64245, 0.64245, 0.64245, 0.64245, 0.64245, 0.64245, 0.64245, 0.64245, 0.64245, 0.64245, 0.64245, 0.637166, 0.608989, 0.596669, 0.593171, 0.361378, 0.274944, 0.195746, 0.195746, 0.195746, 0.195746, 0.195746, 0.195746, 0.195746, 0.195746, 0.195746, 0.195746, 0.195746, 0.195746, 0.195746, 0.195746, 0.195746, 0.195746, 0.195746, 0.195746], u'best_resemblance': 0.896423, u'_id': ObjectId('57a5db0f5a4f64ee04b63b36'), u'problem_id': 2087, u'owner_id': 42}
{u'owner_name': u'Unagi', u'solution_size': 1567, u'resemblances': [0.800008, 0.738461, 0.738461, 0.738461, 0.738461, 0.738461, 0.738461, 0.738461, 0.738461, 0.738461, 0.738461, 0.738461, 0.738461, 0.738461, 0.738461, 0.738461, 0.575516, 0.553263, 0.547759, 0.517241, 0.517241, 0.50422, 0.504201, 0.504201, 0.504201, 0.504201, 0.504201, 0.504201, 0.504201, 0.504201, 0.504201, 0.504201, 0.504201, 0.504201, 0.493299, 0.462962, 0.444444, 0.41252, 0.357142, 0.327433, 0.208333, 0.208333, 0.208333, 0.208333, 0.208333, 0.208333, 0.208333, 0.208333, 0.208333, 0.208333, 0.208333, 0.208333, 0.208333, 0.208333, 0.208333, 0.208333, 0.208333], u'best_resemblance': 0.800008, u'_id': ObjectId('57a5db6c5a4f64ee04b63b73'), u'problem_id': 2090, u'owner_id': 42}
{u'owner_name': u'Unagi', u'solution_size': 2197, u'resemblances': [0.906832, 0.906832, 0.906832, 0.906832, 0.906832, 0.906832, 0.906832, 0.906832, 0.906832, 0.906832, 0.906832, 0.906832, 0.876712, 0.795878, 0.596888, 0.556615, 0.502222, 0.497233, 0.474025, 0.474025, 0.474025, 0.474025, 0.474025, 0.474025, 0.474025, 0.474025, 0.434523, 0.434523, 0.434523, 0.427631, 0.422453, 0.408416, 0.405555, 0.401098, 0.401098, 0.253472, 0.16279, 0.126736, 0.126736, 0.126736, 0.126736, 0.126736, 0.126736, 0.126736, 0.126736, 0.126736, 0.126736, 0.126736, 0.126736, 0.126736, 0.126736, 0.126736, 0.126736, 0.126736, 0.118721], u'best_resemblance': 0.906832, u'_id': ObjectId('57a5dbc55a4f64ee04b63bae'), u'problem_id': 2091, u'owner_id': 42}
{u'owner_name': u'Unagi', u'solution_size': 1744, u'resemblances': [0.899974, 0.878594, 0.878594, 0.878594, 0.878594, 0.878594, 0.878594, 0.878594, 0.878594, 0.878594, 0.878594, 0.878594, 0.878594, 0.878594, 0.878594, 0.741544, 0.625, 0.625, 0.625, 0.625, 0.625, 0.625, 0.625, 0.625, 0.625, 0.625, 0.571111, 0.554385, 0.546546, 0.530478, 0.520342, 0.47743, 0.47743, 0.47743, 0.47743, 0.391564, 0.377747, 0.377747, 0.358072, 0.119357, 0.119357, 0.119357, 0.119357, 0.119357, 0.119357, 0.119357, 0.119357, 0.119357, 0.119357, 0.119357, 0.119357, 0.119357, 0.119357, 0.119357, 0.119357, 0.119357], u'best_resemblance': 0.899974, u'_id': ObjectId('57a5dc1b5a4f64ee04b63be8'), u'problem_id': 2093, u'owner_id': 42}
{u'owner_name': u'Unagi', u'solution_size': 1948, u'resemblances': [0.844827, 0.844827, 0.844827, 0.844827, 0.844827, 0.844827, 0.844827, 0.844827, 0.844827, 0.844827, 0.844827, 0.844827, 0.725628, 0.669989, 0.660149, 0.608187, 0.607439, 0.607438, 0.607438, 0.607438, 0.607438, 0.607438, 0.607438, 0.607438, 0.607438, 0.510416, 0.510416, 0.510416, 0.510416, 0.510416, 0.510416, 0.510416, 0.451425, 0.434911, 0.434911, 0.382812, 0.255208, 0.2, 0.127604, 0.127604, 0.127604, 0.127604, 0.127604, 0.127604, 0.127604, 0.127604, 0.127604, 0.127604, 0.127604, 0.127604, 0.127604, 0.127604, 0.127604, 0.091234], u'best_resemblance': 0.844827, u'_id': ObjectId('57a62b935a4f64ee04b63c2a'), u'problem_id': 2095, u'owner_id': 42}
{u'owner_name': u'Unagi', u'solution_size': 1751, u'resemblances': [0.782758, 0.699724, 0.695417, 0.695417, 0.695417, 0.695417, 0.695417, 0.695417, 0.695417, 0.695417, 0.695417, 0.695417, 0.669272, 0.564322, 0.515738, 0.505882, 0.505882, 0.505882, 0.505882, 0.505882, 0.505882, 0.505882, 0.505882, 0.505882, 0.505882, 0.505882, 0.505882, 0.505882, 0.505882, 0.505882, 0.505559, 0.505372, 0.477777, 0.459401, 0.430711, 0.365957, 0.358333, 0.223958, 0.223958, 0.223958, 0.223958, 0.223958, 0.223958, 0.223958, 0.223958, 0.223958, 0.223958, 0.223958, 0.223958, 0.223958, 0.223958, 0.223958], u'best_resemblance': 0.782758, u'_id': ObjectId('57a62bf95a4f64ee04b63c6f'), u'problem_id': 2097, u'owner_id': 42}
{u'owner_name': u'Unagi', u'solution_size': 1995, u'resemblances': [0.72388, 0.72388, 0.72388, 0.72388, 0.72388, 0.72388, 0.72388, 0.72388, 0.72388, 0.72388, 0.72388, 0.72388, 0.72388, 0.723021, 0.575539, 0.521978, 0.505434, 0.477024, 0.456459, 0.454687, 0.454687, 0.454687, 0.454687, 0.454687, 0.454687, 0.454687, 0.454687, 0.400958, 0.378906, 0.378906, 0.378906, 0.348367, 0.328992, 0.324776, 0.324776, 0.314087, 0.126302, 0.126302, 0.126302, 0.126302, 0.126302, 0.126302, 0.126302, 0.126302, 0.126302, 0.126302, 0.126302, 0.126302, 0.126302, 0.126302, 0.0], u'best_resemblance': 0.72388, u'_id': ObjectId('57a62c5c5a4f64ee04b63cb1'), u'problem_id': 2098, u'owner_id': 42}
{u'owner_name': u'Unagi', u'solution_size': 1884, u'resemblances': [0.831481, 0.813253, 0.813253, 0.813253, 0.813253, 0.813253, 0.813253, 0.813253, 0.813253, 0.813253, 0.813253, 0.813253, 0.813253, 0.813253, 0.813253, 0.610837, 0.610837, 0.608182, 0.584862, 0.538188, 0.535714, 0.535714, 0.535714, 0.535714, 0.535714, 0.535714, 0.535714, 0.535714, 0.535714, 0.535714, 0.535714, 0.535714, 0.535714, 0.522327, 0.505474, 0.488281, 0.190123, 0.175781, 0.175781, 0.175781, 0.175781, 0.175781, 0.175781, 0.175781, 0.175781, 0.175781, 0.175781, 0.175781, 0.175781, 0.175781], u'best_resemblance': 0.831481, u'_id': ObjectId('57a62dd35a4f64ee04b63d21'), u'problem_id': 3177, u'owner_id': 42}
{u'owner_name': u'Unagi', u'solution_size': 2034, u'resemblances': [0.93296, 0.93296, 0.93296, 0.93296, 0.93296, 0.93296, 0.93296, 0.93296, 0.93296, 0.93296, 0.93296, 0.93296, 0.93296, 0.93296, 0.869674, 0.83879, 0.808282, 0.806763, 0.806763, 0.806763, 0.806763, 0.806763, 0.806763, 0.806763, 0.806763, 0.806763, 0.806763, 0.773148, 0.724826, 0.579861, 0.579861, 0.579861, 0.445333, 0.445333, 0.434895, 0.387909, 0.372881, 0.144965, 0.144965, 0.144965, 0.144965, 0.144965, 0.144965, 0.144965, 0.144965, 0.144965, 0.144965, 0.144965, 0.144965], u'best_resemblance': 0.93296, u'_id': ObjectId('57a62dfd5a4f64ee04b63d3c'), u'problem_id': 2103, u'owner_id': 42}
{u'owner_name': u'Unagi', u'solution_size': 1747, u'resemblances': [0.839416, 0.839416, 0.839416, 0.839416, 0.839416, 0.839416, 0.839416, 0.839416, 0.839416, 0.839416, 0.839416, 0.839416, 0.839416, 0.839416, 0.828725, 0.65917, 0.653061, 0.612021, 0.605484, 0.586734, 0.586734, 0.586734, 0.586734, 0.586734, 0.586734, 0.586734, 0.586734, 0.585701, 0.554591, 0.513392, 0.509836, 0.456349, 0.456349, 0.38778, 0.218678, 0.202211, 0.149739, 0.149739, 0.149739, 0.149739, 0.149739, 0.149739, 0.149739, 0.149739, 0.149739, 0.149739, 0.149739, 0.149739, 0.149739], u'best_resemblance': 0.839416, u'_id': ObjectId('57a62e6b5a4f64ee04b63d84'), u'problem_id': 2110, u'owner_id': 42}
{u'owner_name': u'Unagi', u'solution_size': 1893, u'resemblances': [0.826498, 0.826498, 0.826498, 0.826498, 0.826498, 0.826498, 0.826498, 0.826498, 0.826498, 0.826498, 0.826498, 0.826498, 0.780645, 0.742829, 0.654331, 0.648632, 0.573696, 0.567099, 0.567099, 0.567099, 0.567099, 0.567099, 0.567099, 0.567099, 0.567099, 0.567099, 0.566255, 0.539849, 0.505401, 0.454861, 0.454861, 0.435374, 0.373219, 0.373219, 0.341145, 0.22743, 0.150837, 0.113715, 0.113715, 0.113715, 0.113715, 0.113715, 0.113715, 0.113715, 0.113715, 0.113715, 0.113715, 0.113715, 0.113715], u'best_resemblance': 0.826498, u'_id': ObjectId('57a6347f5a4f64ee04b63dce'), u'problem_id': 2111, u'owner_id': 42}
{u'owner_name': u'Unagi', u'solution_size': 1521, u'resemblances': [0.765402, 0.765402, 0.765402, 0.765402, 0.765402, 0.765402, 0.765402, 0.765402, 0.765402, 0.765402, 0.765402, 0.765402, 0.765402, 0.705882, 0.594336, 0.567226, 0.557268, 0.524376, 0.52435, 0.52435, 0.52435, 0.52435, 0.52435, 0.52435, 0.52435, 0.52435, 0.52435, 0.498333, 0.480654, 0.467303, 0.448611, 0.443681, 0.443681, 0.377525, 0.179948, 0.14019, 0.14019, 0.14019, 0.14019, 0.14019, 0.14019, 0.14019, 0.14019, 0.14019, 0.14019, 0.14019, 0.14019], u'best_resemblance': 0.765402, u'_id': ObjectId('57a6428f5a4f64ee04b63e1a'), u'problem_id': 2120, u'owner_id': 42}
{u'owner_name': u'Unagi', u'solution_size': 1578, u'resemblances': [0.736263, 0.736263, 0.736263, 0.736263, 0.736263, 0.736263, 0.736263, 0.736263, 0.736263, 0.736263, 0.736263, 0.736263, 0.736263, 0.733368, 0.566548, 0.553092, 0.492647, 0.492647, 0.492647, 0.492647, 0.492647, 0.492647, 0.492647, 0.492647, 0.492647, 0.492647, 0.492647, 0.487655, 0.443121, 0.41358, 0.328431, 0.246323, 0.246323, 0.207459, 0.13924, 0.116319, 0.116319, 0.116319, 0.116319, 0.116319, 0.116319, 0.116319, 0.116319, 0.116319, 0.116319, 0.116319, 0.116319, 0.116319], u'best_resemblance': 0.736263, u'_id': ObjectId('57a650b05a4f64ee04b63e67'), u'problem_id': 2121, u'owner_id': 42}
{u'owner_name': u'Unagi', u'solution_size': 1482, u'resemblances': [0.860465, 0.860465, 0.860465, 0.860465, 0.860465, 0.860465, 0.860465, 0.860465, 0.860465, 0.860465, 0.860465, 0.860465, 0.860465, 0.855551, 0.814714, 0.75862, 0.75862, 0.722148, 0.711538, 0.711538, 0.711538, 0.711538, 0.711538, 0.711538, 0.711538, 0.711538, 0.711538, 0.711538, 0.711538, 0.711538, 0.711538, 0.711538, 0.700757, 0.569948, 0.192708, 0.192708, 0.192708, 0.192708, 0.192708, 0.192708, 0.192708, 0.192708, 0.192708, 0.192708, 0.192708, 0.192708, 0.0], u'best_resemblance': 0.860465, u'_id': ObjectId('57a65eae5a4f64ee04b63eb3'), u'problem_id': 2122, u'owner_id': 42}
{u'owner_name': u'Unagi', u'solution_size': 1575, u'resemblances': [0.783333, 0.783333, 0.783333, 0.783333, 0.783333, 0.783333, 0.783333, 0.783333, 0.783333, 0.783333, 0.783333, 0.783333, 0.778266, 0.584512, 0.550781, 0.550781, 0.550781, 0.550781, 0.550781, 0.550781, 0.550781, 0.550781, 0.550781, 0.550781, 0.550781, 0.550781, 0.550781, 0.550781, 0.550781, 0.550781, 0.54878, 0.543666, 0.524553, 0.183593, 0.183593, 0.183593, 0.183593, 0.183593, 0.183593, 0.183593, 0.183593, 0.183593, 0.183593, 0.183593, 0.111617], u'best_resemblance': 0.783333, u'_id': ObjectId('57a66cb95a4f64ee04b63efc'), u'problem_id': 2123, u'owner_id': 42}
{u'owner_name': u'Unagi', u'solution_size': 1181, u'resemblances': [0.862453, 0.862453, 0.862453, 0.862453, 0.862453, 0.862453, 0.862453, 0.862453, 0.862453, 0.862453, 0.862453, 0.859832, 0.754297, 0.666666, 0.666666, 0.65909, 0.65909, 0.65909, 0.65909, 0.65909, 0.65909, 0.65909, 0.65909, 0.65909, 0.65909, 0.65909, 0.630853, 0.604166, 0.604166, 0.557692, 0.557692, 0.201388, 0.201388, 0.201388, 0.201388, 0.201388, 0.201388, 0.201388, 0.201388, 0.201388, 0.201388, 0.12931], u'best_resemblance': 0.862453, u'_id': ObjectId('57a67aca5a4f64ee04b63f4b'), u'problem_id': 2124, u'owner_id': 42}
{u'owner_name': u'Unagi', u'solution_size': 1680, u'resemblances': [0.903587, 0.903587, 0.903587, 0.903587, 0.903587, 0.903587, 0.903587, 0.903587, 0.903587, 0.903587, 0.903587, 0.903587, 0.902097, 0.662335, 0.637123, 0.625818, 0.625776, 0.625776, 0.625776, 0.625776, 0.625776, 0.625776, 0.625776, 0.625776, 0.625776, 0.625776, 0.599702, 0.599702, 0.575714, 0.575714, 0.559722, 0.404466, 0.174913, 0.174913, 0.174913, 0.174913, 0.174913, 0.174913, 0.174913, 0.174913, 0.174913], u'best_resemblance': 0.903587, u'_id': ObjectId('57a688d95a4f64ee04b63f9b'), u'problem_id': 2126, u'owner_id': 42}
{u'owner_name': u'Unagi', u'solution_size': 1825, u'resemblances': [0.836805, 0.836805, 0.836805, 0.836805, 0.836805, 0.836805, 0.836805, 0.836805, 0.836805, 0.836805, 0.83586, 0.814189, 0.799456, 0.708823, 0.708823, 0.708823, 0.708823, 0.708823, 0.708823, 0.708823, 0.708823, 0.708823, 0.708823, 0.708823, 0.614285, 0.501909, 0.418402, 0.418402, 0.418402, 0.277649, 0.277649, 0.1046, 0.1046, 0.1046, 0.1046, 0.1046, 0.1046, 0.1046, 0.1046, 0.0], u'best_resemblance': 0.836805, u'_id': ObjectId('57a696e75a4f64ee04b63fea'), u'problem_id': 2130, u'owner_id': 42}
{u'owner_name': u'Unagi', u'solution_size': 1966, u'resemblances': [0.869369, 0.869369, 0.869369, 0.869369, 0.869369, 0.869369, 0.869369, 0.869369, 0.869369, 0.869369, 0.869369, 0.828619, 0.753906, 0.753906, 0.753906, 0.753906, 0.753906, 0.753906, 0.753906, 0.753906, 0.753906, 0.753906, 0.711094, 0.595679, 0.411949, 0.335069, 0.335069, 0.335069, 0.309872, 0.188476, 0.188476, 0.083767, 0.083767, 0.083767, 0.083767, 0.083767, 0.083767, 0.083767, 0.083767], u'best_resemblance': 0.869369, u'_id': ObjectId('57a6a54e5a4f64ee04b64038'), u'problem_id': 2138, u'owner_id': 42}
{u'owner_name': u'Unagi', u'solution_size': 2380, u'resemblances': [0.864077, 0.864077, 0.864077, 0.864077, 0.864077, 0.864077, 0.864077, 0.864077, 0.864077, 0.858123, 0.784226, 0.706349, 0.706349, 0.706349, 0.706349, 0.706349, 0.706349, 0.659259, 0.612881, 0.553333, 0.529761, 0.423809, 0.423809, 0.357142, 0.154513, 0.154513, 0.154513, 0.154513, 0.154513, 0.154513, 0.154513, 0.154513, 0.154513, 0.154513, 0.044943], u'best_resemblance': 0.864077, u'_id': ObjectId('57a6b3435a4f64ee04b640b1'), u'problem_id': 4674, u'owner_id': 42}
{u'owner_name': u'Unagi', u'solution_size': 1355, u'resemblances': [0.812297, 0.812297, 0.812297, 0.812297, 0.812297, 0.812297, 0.812297, 0.812297, 0.812297, 0.753427, 0.706738, 0.697657, 0.673972, 0.660506, 0.643589, 0.643589, 0.643589, 0.643589, 0.643589, 0.643589, 0.643589, 0.643589, 0.575682, 0.402243, 0.217881, 0.217881, 0.217881, 0.217881, 0.217881, 0.217881, 0.217881, 0.217881, 0.217881, 0.12749], u'best_resemblance': 0.812297, u'_id': ObjectId('57a6c14d5a4f64ee04b640fd'), u'problem_id': 4684, u'owner_id': 42}
{u'owner_name': u'Unagi', u'solution_size': 1198, u'resemblances': [0.873893, 0.873893, 0.873893, 0.873893, 0.873893, 0.873893, 0.873893, 0.873893, 0.873893, 0.870275, 0.691495, 0.633541, 0.633012, 0.633012, 0.633012, 0.633012, 0.633012, 0.633012, 0.633012, 0.633012, 0.556089, 0.514322, 0.342881, 0.275983, 0.17144, 0.17144, 0.17144, 0.17144, 0.17144, 0.17144, 0.17144], u'best_resemblance': 0.873893, u'_id': ObjectId('57a6cf5c5a4f64ee04b6414e'), u'problem_id': 4687, u'owner_id': 42}
{u'owner_name': u'Unagi', u'solution_size': 1749, u'resemblances': [0.861538, 0.861538, 0.861538, 0.861538, 0.861538, 0.861538, 0.861538, 0.861538, 0.860986, 0.7686, 0.694214, 0.694214, 0.694214, 0.694214, 0.694214, 0.694214, 0.599458, 0.583333, 0.583333, 0.583333, 0.583333, 0.497041, 0.4375, 0.221621, 0.145833, 0.145833, 0.145833, 0.145833, 0.145833, 0.145833], u'best_resemblance': 0.861538, u'_id': ObjectId('57a6dd685a4f64ee04b6419c'), u'problem_id': 4688, u'owner_id': 42}
{u'owner_name': u'Unagi', u'solution_size': 1329, u'resemblances': [0.89759, 0.89759, 0.89759, 0.89759, 0.89759, 0.89759, 0.89759, 0.89759, 0.895123, 0.727121, 0.640387, 0.634943, 0.634943, 0.634943, 0.634943, 0.634943, 0.634943, 0.603021, 0.537259, 0.19401, 0.19401, 0.19401, 0.19401, 0.19401, 0.19401, 0.19401, 0.144082], u'best_resemblance': 0.89759, u'_id': ObjectId('57a6eb725a4f64ee04b641ea'), u'problem_id': 4694, u'owner_id': 42}
{u'owner_name': u'Unagi', u'solution_size': 2058, u'resemblances': [0.677152, 0.677152, 0.677152, 0.677152, 0.677152, 0.677152, 0.676968, 0.549704, 0.533279, 0.468257, 0.449305, 0.429621, 0.429621, 0.429621, 0.429621, 0.378703, 0.202933, 0.177517, 0.177517, 0.177517, 0.177517, 0.177517, 0.177517], u'best_resemblance': 0.677152, u'_id': ObjectId('57a6f97f5a4f64ee04b6423d'), u'problem_id': 4698, u'owner_id': 42}
{u'owner_name': u'Unagi', u'solution_size': 1383, u'resemblances': [0.900552, 0.900552, 0.900552, 0.824856, 0.802955, 0.802955, 0.802955, 0.802955, 0.802955, 0.802955, 0.721973, 0.545421, 0.141493, 0.141493, 0.141493, 0.141493, 0.141493, 0.141493, 0.040425], u'best_resemblance': 0.900552, u'_id': ObjectId('57a7078b5a4f64ee04b6428e'), u'problem_id': 4700, u'owner_id': 42}
{u'owner_name': u'Unagi', u'solution_size': 1768, u'resemblances': [0.852173, 0.684562, 0.672585, 0.670126, 0.573099, 0.573099, 0.573099, 0.55761, 0.448555, 0.340277, 0.085069, 0.085069, 0.0], u'best_resemblance': 0.852173, u'_id': ObjectId('57a7158f5a4f64ee04b642d6'), u'problem_id': 4702, u'owner_id': 42}
{u'owner_name': u'Unagi', u'solution_size': 1445, u'resemblances': [], u'best_resemblance': None, u'_id': ObjectId('57a7239c5a4f64ee04b64325'), u'problem_id': 4704, u'owner_id': 42}
http://2016sv.icfpcontest.org/problem/view/762
http://2016sv.icfpcontest.org/problem/view/1095
http://2016sv.icfpcontest.org/problem/view/1148
http://2016sv.icfpcontest.org/problem/view/1154
http://2016sv.icfpcontest.org/problem/view/1157
http://2016sv.icfpcontest.org/problem/view/1159
http://2016sv.icfpcontest.org/problem/view/1160
http://2016sv.icfpcontest.org/problem/view/1163
http://2016sv.icfpcontest.org/problem/view/1169
http://2016sv.icfpcontest.org/problem/view/2087
http://2016sv.icfpcontest.org/problem/view/2090
http://2016sv.icfpcontest.org/problem/view/2091
http://2016sv.icfpcontest.org/problem/view/2093
http://2016sv.icfpcontest.org/problem/view/2095
http://2016sv.icfpcontest.org/problem/view/2097
http://2016sv.icfpcontest.org/problem/view/2098
http://2016sv.icfpcontest.org/problem/view/3177
http://2016sv.icfpcontest.org/problem/view/2103
http://2016sv.icfpcontest.org/problem/view/2110
http://2016sv.icfpcontest.org/problem/view/2111
http://2016sv.icfpcontest.org/problem/view/2120
http://2016sv.icfpcontest.org/problem/view/2121
http://2016sv.icfpcontest.org/problem/view/2122
http://2016sv.icfpcontest.org/problem/view/2123
http://2016sv.icfpcontest.org/problem/view/2124
http://2016sv.icfpcontest.org/problem/view/2126
http://2016sv.icfpcontest.org/problem/view/2130
http://2016sv.icfpcontest.org/problem/view/2138
http://2016sv.icfpcontest.org/problem/view/4674
http://2016sv.icfpcontest.org/problem/view/4684
http://2016sv.icfpcontest.org/problem/view/4687
http://2016sv.icfpcontest.org/problem/view/4688
http://2016sv.icfpcontest.org/problem/view/4694
http://2016sv.icfpcontest.org/problem/view/4698
http://2016sv.icfpcontest.org/problem/view/4700
http://2016sv.icfpcontest.org/problem/view/4702
http://2016sv.icfpcontest.org/problem/view/4704
lost websocket connection, try to reconnect now
reconnected to slack rtm websocket

Unagi
{u'owner_name': u'Unagi', u'solution_size': 1088, u'resemblances': [0.833762, 0.833762, 0.833762, 0.833762, 0.833762, 0.833762, 0.833762, 0.833762, 0.833762, 0.833762, 0.833762, 0.833762, 0.833762, 0.833762, 0.833762, 0.833762, 0.833762, 0.833762, 0.833762, 0.833762, 0.809849, 0.663004, 0.659385, 0.647, 0.647, 0.647, 0.647, 0.647, 0.647, 0.647, 0.647, 0.647, 0.647, 0.61619, 0.570546, 0.539166, 0.539166, 0.539166, 0.499031, 0.497079, 0.463629, 0.462142, 0.462142, 0.45222, 0.359444, 0.359444, 0.269583, 0.179722, 0.179722, 0.179722, 0.179722, 0.179722, 0.179722, 0.179722, 0.179722, 0.179722, 0.179722, 0.179722, 0.179722, 0.179722, 0.179722, 0.179722, 0.179722, 0.179722, 0.179722, 0.179722, 0.179394], u'best_resemblance': 0.833762, u'_id': ObjectId('57a529b75a4f64ee04b6392f'), u'problem_id': 762, u'owner_id': 42}
{u'owner_name': u'Unagi', u'solution_size': 1650, u'resemblances': [0.88574, 0.853658, 0.853658, 0.853658, 0.853658, 0.853658, 0.853658, 0.853658, 0.853658, 0.853658, 0.853658, 0.853658, 0.853658, 0.853658, 0.853658, 0.853658, 0.853658, 0.853658, 0.853658, 0.634411, 0.585139, 0.572586, 0.53728, 0.53728, 0.53728, 0.53728, 0.53728, 0.53728, 0.53728, 0.53728, 0.53728, 0.53728, 0.531684, 0.523504, 0.517664, 0.478712, 0.429824, 0.429824, 0.429824, 0.408333, 0.361646, 0.358187, 0.358187, 0.272222, 0.272222, 0.225, 0.136111, 0.136111, 0.136111, 0.136111, 0.136111, 0.136111, 0.136111, 0.136111, 0.136111, 0.136111, 0.136111, 0.136111, 0.136111, 0.136111, 0.136111, 0.136111, 0.136111, 0.136111, 0.136111, 0.136111, 0.115049], u'best_resemblance': 0.88574, u'_id': ObjectId('57a550eb5a4f64ee04b63975'), u'problem_id': 1095, u'owner_id': 42}
{u'owner_name': u'Unagi', u'solution_size': 1545, u'resemblances': [0.837648, 0.818475, 0.8125, 0.8125, 0.8125, 0.8125, 0.8125, 0.8125, 0.8125, 0.8125, 0.8125, 0.8125, 0.8125, 0.8125, 0.8125, 0.8125, 0.8125, 0.8125, 0.8125, 0.8125, 0.8125, 0.575572, 0.527362, 0.515873, 0.515873, 0.515873, 0.515873, 0.515873, 0.515873, 0.515873, 0.515873, 0.515873, 0.515873, 0.515873, 0.515873, 0.460045, 0.450818, 0.450749, 0.416129, 0.412698, 0.412698, 0.349417, 0.343915, 0.343915, 0.319018, 0.288888, 0.288888, 0.144444, 0.144444, 0.144444, 0.144444, 0.144444, 0.144444, 0.144444, 0.144444, 0.144444, 0.144444, 0.144444, 0.144444, 0.144444, 0.144444, 0.144444, 0.144444, 0.144444, 0.144444, 0.144444, 0.144444], u'best_resemblance': 0.837648, u'_id': ObjectId('57a551275a4f64ee04b6399d'), u'problem_id': 1148, u'owner_id': 42}
{u'owner_name': u'Unagi', u'solution_size': 2279, u'resemblances': [0.863223, 0.812949, 0.812949, 0.812949, 0.812949, 0.812949, 0.812949, 0.812949, 0.812949, 0.812949, 0.784722, 0.765368, 0.655133, 0.586182, 0.5779, 0.575111, 0.544445, 0.507808, 0.483935, 0.482905, 0.482905, 0.482905, 0.482905, 0.482905, 0.482905, 0.482905, 0.482905, 0.482905, 0.46502, 0.456565, 0.454806, 0.444924, 0.376666, 0.376666, 0.376666, 0.376666, 0.376666, 0.376666, 0.313262, 0.302139, 0.302139, 0.24821, 0.094166, 0.094166, 0.094166, 0.094166, 0.094166, 0.094166, 0.094166, 0.094166, 0.094166, 0.094166, 0.094166, 0.094166, 0.094166, 0.094166, 0.094166, 0.094166, 0.094166, 0.094166, 0.094166, 0.094166, 0.077996], u'best_resemblance': 0.863223, u'_id': ObjectId('57a59acc5a4f64ee04b639ca'), u'problem_id': 1154, u'owner_id': 42}
{u'owner_name': u'Unagi', u'solution_size': 1572, u'resemblances': [0.818854, 0.787671, 0.787671, 0.787671, 0.787671, 0.787671, 0.787671, 0.787671, 0.787671, 0.787671, 0.787671, 0.787671, 0.787671, 0.787671, 0.787671, 0.787671, 0.787671, 0.787671, 0.591049, 0.590585, 0.532407, 0.532407, 0.532407, 0.532407, 0.532407, 0.532407, 0.532407, 0.532407, 0.532407, 0.532407, 0.532407, 0.532407, 0.532407, 0.519522, 0.495603, 0.452991, 0.450343, 0.425925, 0.425925, 0.360569, 0.354938, 0.354938, 0.255555, 0.255555, 0.234693, 0.127777, 0.127777, 0.127777, 0.127777, 0.127777, 0.127777, 0.127777, 0.127777, 0.127777, 0.127777, 0.127777, 0.127777, 0.127777, 0.127777, 0.127777, 0.127777, 0.127777, 0.127777, 0.127777, 0.111719], u'best_resemblance': 0.818854, u'_id': ObjectId('57a59b1c5a4f64ee04b639ff'), u'problem_id': 1157, u'owner_id': 42}
{u'owner_name': u'Unagi', u'solution_size': 1608, u'resemblances': [0.863636, 0.863636, 0.863636, 0.863636, 0.863636, 0.863636, 0.863636, 0.863636, 0.863636, 0.863636, 0.863636, 0.863636, 0.863636, 0.863636, 0.863636, 0.863636, 0.863636, 0.863636, 0.863636, 0.782456, 0.77346, 0.76, 0.76, 0.76, 0.76, 0.76, 0.76, 0.76, 0.76, 0.76, 0.76, 0.76, 0.76, 0.723809, 0.675555, 0.506666, 0.506666, 0.506666, 0.506666, 0.506666, 0.506666, 0.506666, 0.478873, 0.434103, 0.38, 0.38, 0.374622, 0.126666, 0.126666, 0.126666, 0.126666, 0.126666, 0.126666, 0.126666, 0.126666, 0.126666, 0.126666, 0.126666, 0.126666, 0.126666, 0.126666, 0.126666, 0.126666, 0.126666, 0.126666, 0.126666], u'best_resemblance': 0.863636, u'_id': ObjectId('57a59b705a4f64ee04b63a37'), u'problem_id': 1159, u'owner_id': 42}
{u'owner_name': u'Unagi', u'solution_size': 1672, u'resemblances': [0.852607, 0.79482, 0.79482, 0.79482, 0.79482, 0.79482, 0.79482, 0.79482, 0.79482, 0.79482, 0.79482, 0.79482, 0.79482, 0.79482, 0.79482, 0.79482, 0.79482, 0.79482, 0.723342, 0.665, 0.665, 0.665, 0.665, 0.665, 0.665, 0.665, 0.665, 0.665, 0.665, 0.665, 0.665, 0.665, 0.665, 0.665, 0.665, 0.658366, 0.657758, 0.645282, 0.633333, 0.626436, 0.551356, 0.443333, 0.443333, 0.300458, 0.221666, 0.221666, 0.221666, 0.221666, 0.221666, 0.221666, 0.221666, 0.221666, 0.221666, 0.221666, 0.221666, 0.221666, 0.221666, 0.221666, 0.221666, 0.221666, 0.221666, 0.221666, 0.219295], u'best_resemblance': 0.852607, u'_id': ObjectId('57a59bc85a4f64ee04b63a71'), u'problem_id': 1160, u'owner_id': 42}
{u'owner_name': u'Unagi', u'solution_size': 1106, u'resemblances': [0.818681, 0.818681, 0.818681, 0.818681, 0.818681, 0.818681, 0.818681, 0.818681, 0.818681, 0.818681, 0.818681, 0.818681, 0.818681, 0.818681, 0.818681, 0.818681, 0.818681, 0.734015, 0.730386, 0.66402, 0.627525, 0.603238, 0.603238, 0.603238, 0.603238, 0.603238, 0.603238, 0.603238, 0.603238, 0.585964, 0.573076, 0.566001, 0.522807, 0.522807, 0.522807, 0.496666, 0.46799, 0.4613, 0.4613, 0.400621, 0.331111, 0.331111, 0.238095, 0.165555, 0.165555, 0.165555, 0.165555, 0.165555, 0.165555, 0.165555, 0.165555, 0.165555, 0.165555, 0.165555, 0.165555, 0.165555, 0.165555, 0.165555, 0.165555, 0.165555, 0.165555, 0.150219], u'best_resemblance': 0.818681, u'_id': ObjectId('57a59c1e5a4f64ee04b63aab'), u'problem_id': 1163, u'owner_id': 42}
{u'owner_name': u'Unagi', u'solution_size': 1430, u'resemblances': [0.880095, 0.880095, 0.880095, 0.880095, 0.880095, 0.880095, 0.880095, 0.880095, 0.880095, 0.880095, 0.880095, 0.880095, 0.880095, 0.880095, 0.880095, 0.880095, 0.880095, 0.880095, 0.855031, 0.69504, 0.691511, 0.691511, 0.691511, 0.691511, 0.600034, 0.599673, 0.599673, 0.599673, 0.599673, 0.599673, 0.599673, 0.599673, 0.599673, 0.599673, 0.599673, 0.599673, 0.599673, 0.566725, 0.566358, 0.521955, 0.418803, 0.359803, 0.203888, 0.203888, 0.203888, 0.203888, 0.203888, 0.203888, 0.203888, 0.203888, 0.203888, 0.203888, 0.203888, 0.203888, 0.203888, 0.203888, 0.203888, 0.203888, 0.203888, 0.203888, 0.203888, 0.203888, 0.130116], u'best_resemblance': 0.880095, u'_id': ObjectId('57a59c775a4f64ee04b63ae6'), u'problem_id': 1169, u'owner_id': 42}
{u'owner_name': u'Unagi', u'solution_size': 1454, u'resemblances': [0.896423, 0.833641, 0.833641, 0.833641, 0.833641, 0.833641, 0.833641, 0.833641, 0.833641, 0.833641, 0.833641, 0.833641, 0.833641, 0.833641, 0.833641, 0.779829, 0.777063, 0.738226, 0.727502, 0.727502, 0.727502, 0.662141, 0.64245, 0.64245, 0.64245, 0.64245, 0.64245, 0.64245, 0.64245, 0.64245, 0.64245, 0.64245, 0.64245, 0.64245, 0.64245, 0.637166, 0.608989, 0.596669, 0.593171, 0.361378, 0.274944, 0.195746, 0.195746, 0.195746, 0.195746, 0.195746, 0.195746, 0.195746, 0.195746, 0.195746, 0.195746, 0.195746, 0.195746, 0.195746, 0.195746, 0.195746, 0.195746, 0.195746, 0.195746], u'best_resemblance': 0.896423, u'_id': ObjectId('57a5db0f5a4f64ee04b63b36'), u'problem_id': 2087, u'owner_id': 42}
{u'owner_name': u'Unagi', u'solution_size': 1567, u'resemblances': [0.800008, 0.738461, 0.738461, 0.738461, 0.738461, 0.738461, 0.738461, 0.738461, 0.738461, 0.738461, 0.738461, 0.738461, 0.738461, 0.738461, 0.738461, 0.738461, 0.575516, 0.553263, 0.547759, 0.517241, 0.517241, 0.50422, 0.504201, 0.504201, 0.504201, 0.504201, 0.504201, 0.504201, 0.504201, 0.504201, 0.504201, 0.504201, 0.504201, 0.504201, 0.493299, 0.462962, 0.444444, 0.41252, 0.357142, 0.327433, 0.208333, 0.208333, 0.208333, 0.208333, 0.208333, 0.208333, 0.208333, 0.208333, 0.208333, 0.208333, 0.208333, 0.208333, 0.208333, 0.208333, 0.208333, 0.208333, 0.208333], u'best_resemblance': 0.800008, u'_id': ObjectId('57a5db6c5a4f64ee04b63b73'), u'problem_id': 2090, u'owner_id': 42}
{u'owner_name': u'Unagi', u'solution_size': 2197, u'resemblances': [0.906832, 0.906832, 0.906832, 0.906832, 0.906832, 0.906832, 0.906832, 0.906832, 0.906832, 0.906832, 0.906832, 0.906832, 0.876712, 0.795878, 0.596888, 0.556615, 0.502222, 0.497233, 0.474025, 0.474025, 0.474025, 0.474025, 0.474025, 0.474025, 0.474025, 0.474025, 0.434523, 0.434523, 0.434523, 0.427631, 0.422453, 0.408416, 0.405555, 0.401098, 0.401098, 0.253472, 0.16279, 0.126736, 0.126736, 0.126736, 0.126736, 0.126736, 0.126736, 0.126736, 0.126736, 0.126736, 0.126736, 0.126736, 0.126736, 0.126736, 0.126736, 0.126736, 0.126736, 0.126736, 0.118721], u'best_resemblance': 0.906832, u'_id': ObjectId('57a5dbc55a4f64ee04b63bae'), u'problem_id': 2091, u'owner_id': 42}
{u'owner_name': u'Unagi', u'solution_size': 1744, u'resemblances': [0.899974, 0.878594, 0.878594, 0.878594, 0.878594, 0.878594, 0.878594, 0.878594, 0.878594, 0.878594, 0.878594, 0.878594, 0.878594, 0.878594, 0.878594, 0.741544, 0.625, 0.625, 0.625, 0.625, 0.625, 0.625, 0.625, 0.625, 0.625, 0.625, 0.571111, 0.554385, 0.546546, 0.530478, 0.520342, 0.47743, 0.47743, 0.47743, 0.47743, 0.391564, 0.377747, 0.377747, 0.358072, 0.119357, 0.119357, 0.119357, 0.119357, 0.119357, 0.119357, 0.119357, 0.119357, 0.119357, 0.119357, 0.119357, 0.119357, 0.119357, 0.119357, 0.119357, 0.119357, 0.119357], u'best_resemblance': 0.899974, u'_id': ObjectId('57a5dc1b5a4f64ee04b63be8'), u'problem_id': 2093, u'owner_id': 42}
{u'owner_name': u'Unagi', u'solution_size': 1948, u'resemblances': [0.844827, 0.844827, 0.844827, 0.844827, 0.844827, 0.844827, 0.844827, 0.844827, 0.844827, 0.844827, 0.844827, 0.844827, 0.725628, 0.669989, 0.660149, 0.608187, 0.607439, 0.607438, 0.607438, 0.607438, 0.607438, 0.607438, 0.607438, 0.607438, 0.607438, 0.510416, 0.510416, 0.510416, 0.510416, 0.510416, 0.510416, 0.510416, 0.451425, 0.434911, 0.434911, 0.382812, 0.255208, 0.2, 0.127604, 0.127604, 0.127604, 0.127604, 0.127604, 0.127604, 0.127604, 0.127604, 0.127604, 0.127604, 0.127604, 0.127604, 0.127604, 0.127604, 0.127604, 0.091234], u'best_resemblance': 0.844827, u'_id': ObjectId('57a62b935a4f64ee04b63c2a'), u'problem_id': 2095, u'owner_id': 42}
{u'owner_name': u'Unagi', u'solution_size': 1751, u'resemblances': [0.782758, 0.699724, 0.695417, 0.695417, 0.695417, 0.695417, 0.695417, 0.695417, 0.695417, 0.695417, 0.695417, 0.695417, 0.669272, 0.564322, 0.515738, 0.505882, 0.505882, 0.505882, 0.505882, 0.505882, 0.505882, 0.505882, 0.505882, 0.505882, 0.505882, 0.505882, 0.505882, 0.505882, 0.505882, 0.505882, 0.505559, 0.505372, 0.477777, 0.459401, 0.430711, 0.365957, 0.358333, 0.223958, 0.223958, 0.223958, 0.223958, 0.223958, 0.223958, 0.223958, 0.223958, 0.223958, 0.223958, 0.223958, 0.223958, 0.223958, 0.223958, 0.223958], u'best_resemblance': 0.782758, u'_id': ObjectId('57a62bf95a4f64ee04b63c6f'), u'problem_id': 2097, u'owner_id': 42}
{u'owner_name': u'Unagi', u'solution_size': 1995, u'resemblances': [0.72388, 0.72388, 0.72388, 0.72388, 0.72388, 0.72388, 0.72388, 0.72388, 0.72388, 0.72388, 0.72388, 0.72388, 0.72388, 0.723021, 0.575539, 0.521978, 0.505434, 0.477024, 0.456459, 0.454687, 0.454687, 0.454687, 0.454687, 0.454687, 0.454687, 0.454687, 0.454687, 0.400958, 0.378906, 0.378906, 0.378906, 0.348367, 0.328992, 0.324776, 0.324776, 0.314087, 0.126302, 0.126302, 0.126302, 0.126302, 0.126302, 0.126302, 0.126302, 0.126302, 0.126302, 0.126302, 0.126302, 0.126302, 0.126302, 0.126302, 0.0], u'best_resemblance': 0.72388, u'_id': ObjectId('57a62c5c5a4f64ee04b63cb1'), u'problem_id': 2098, u'owner_id': 42}
{u'owner_name': u'Unagi', u'solution_size': 1884, u'resemblances': [0.831481, 0.813253, 0.813253, 0.813253, 0.813253, 0.813253, 0.813253, 0.813253, 0.813253, 0.813253, 0.813253, 0.813253, 0.813253, 0.813253, 0.813253, 0.610837, 0.610837, 0.608182, 0.584862, 0.538188, 0.535714, 0.535714, 0.535714, 0.535714, 0.535714, 0.535714, 0.535714, 0.535714, 0.535714, 0.535714, 0.535714, 0.535714, 0.535714, 0.522327, 0.505474, 0.488281, 0.190123, 0.175781, 0.175781, 0.175781, 0.175781, 0.175781, 0.175781, 0.175781, 0.175781, 0.175781, 0.175781, 0.175781, 0.175781, 0.175781], u'best_resemblance': 0.831481, u'_id': ObjectId('57a62dd35a4f64ee04b63d21'), u'problem_id': 3177, u'owner_id': 42}
{u'owner_name': u'Unagi', u'solution_size': 2034, u'resemblances': [0.93296, 0.93296, 0.93296, 0.93296, 0.93296, 0.93296, 0.93296, 0.93296, 0.93296, 0.93296, 0.93296, 0.93296, 0.93296, 0.93296, 0.869674, 0.83879, 0.808282, 0.806763, 0.806763, 0.806763, 0.806763, 0.806763, 0.806763, 0.806763, 0.806763, 0.806763, 0.806763, 0.773148, 0.724826, 0.579861, 0.579861, 0.579861, 0.445333, 0.445333, 0.434895, 0.387909, 0.372881, 0.144965, 0.144965, 0.144965, 0.144965, 0.144965, 0.144965, 0.144965, 0.144965, 0.144965, 0.144965, 0.144965, 0.144965], u'best_resemblance': 0.93296, u'_id': ObjectId('57a62dfd5a4f64ee04b63d3c'), u'problem_id': 2103, u'owner_id': 42}
{u'owner_name': u'Unagi', u'solution_size': 1747, u'resemblances': [0.839416, 0.839416, 0.839416, 0.839416, 0.839416, 0.839416, 0.839416, 0.839416, 0.839416, 0.839416, 0.839416, 0.839416, 0.839416, 0.839416, 0.828725, 0.65917, 0.653061, 0.612021, 0.605484, 0.586734, 0.586734, 0.586734, 0.586734, 0.586734, 0.586734, 0.586734, 0.586734, 0.585701, 0.554591, 0.513392, 0.509836, 0.456349, 0.456349, 0.38778, 0.218678, 0.202211, 0.149739, 0.149739, 0.149739, 0.149739, 0.149739, 0.149739, 0.149739, 0.149739, 0.149739, 0.149739, 0.149739, 0.149739, 0.149739], u'best_resemblance': 0.839416, u'_id': ObjectId('57a62e6b5a4f64ee04b63d84'), u'problem_id': 2110, u'owner_id': 42}
{u'owner_name': u'Unagi', u'solution_size': 1893, u'resemblances': [0.826498, 0.826498, 0.826498, 0.826498, 0.826498, 0.826498, 0.826498, 0.826498, 0.826498, 0.826498, 0.826498, 0.826498, 0.780645, 0.742829, 0.654331, 0.648632, 0.573696, 0.567099, 0.567099, 0.567099, 0.567099, 0.567099, 0.567099, 0.567099, 0.567099, 0.567099, 0.566255, 0.539849, 0.505401, 0.454861, 0.454861, 0.435374, 0.373219, 0.373219, 0.341145, 0.22743, 0.150837, 0.113715, 0.113715, 0.113715, 0.113715, 0.113715, 0.113715, 0.113715, 0.113715, 0.113715, 0.113715, 0.113715, 0.113715], u'best_resemblance': 0.826498, u'_id': ObjectId('57a6347f5a4f64ee04b63dce'), u'problem_id': 2111, u'owner_id': 42}
{u'owner_name': u'Unagi', u'solution_size': 1521, u'resemblances': [0.765402, 0.765402, 0.765402, 0.765402, 0.765402, 0.765402, 0.765402, 0.765402, 0.765402, 0.765402, 0.765402, 0.765402, 0.765402, 0.705882, 0.594336, 0.567226, 0.557268, 0.524376, 0.52435, 0.52435, 0.52435, 0.52435, 0.52435, 0.52435, 0.52435, 0.52435, 0.52435, 0.498333, 0.480654, 0.467303, 0.448611, 0.443681, 0.443681, 0.377525, 0.179948, 0.14019, 0.14019, 0.14019, 0.14019, 0.14019, 0.14019, 0.14019, 0.14019, 0.14019, 0.14019, 0.14019, 0.14019], u'best_resemblance': 0.765402, u'_id': ObjectId('57a6428f5a4f64ee04b63e1a'), u'problem_id': 2120, u'owner_id': 42}
{u'owner_name': u'Unagi', u'solution_size': 1578, u'resemblances': [0.736263, 0.736263, 0.736263, 0.736263, 0.736263, 0.736263, 0.736263, 0.736263, 0.736263, 0.736263, 0.736263, 0.736263, 0.736263, 0.733368, 0.566548, 0.553092, 0.492647, 0.492647, 0.492647, 0.492647, 0.492647, 0.492647, 0.492647, 0.492647, 0.492647, 0.492647, 0.492647, 0.487655, 0.443121, 0.41358, 0.328431, 0.246323, 0.246323, 0.207459, 0.13924, 0.116319, 0.116319, 0.116319, 0.116319, 0.116319, 0.116319, 0.116319, 0.116319, 0.116319, 0.116319, 0.116319, 0.116319, 0.116319], u'best_resemblance': 0.736263, u'_id': ObjectId('57a650b05a4f64ee04b63e67'), u'problem_id': 2121, u'owner_id': 42}
{u'owner_name': u'Unagi', u'solution_size': 1482, u'resemblances': [0.860465, 0.860465, 0.860465, 0.860465, 0.860465, 0.860465, 0.860465, 0.860465, 0.860465, 0.860465, 0.860465, 0.860465, 0.860465, 0.855551, 0.814714, 0.75862, 0.75862, 0.722148, 0.711538, 0.711538, 0.711538, 0.711538, 0.711538, 0.711538, 0.711538, 0.711538, 0.711538, 0.711538, 0.711538, 0.711538, 0.711538, 0.711538, 0.700757, 0.569948, 0.192708, 0.192708, 0.192708, 0.192708, 0.192708, 0.192708, 0.192708, 0.192708, 0.192708, 0.192708, 0.192708, 0.192708, 0.0], u'best_resemblance': 0.860465, u'_id': ObjectId('57a65eae5a4f64ee04b63eb3'), u'problem_id': 2122, u'owner_id': 42}
{u'owner_name': u'Unagi', u'solution_size': 1575, u'resemblances': [0.783333, 0.783333, 0.783333, 0.783333, 0.783333, 0.783333, 0.783333, 0.783333, 0.783333, 0.783333, 0.783333, 0.783333, 0.778266, 0.584512, 0.550781, 0.550781, 0.550781, 0.550781, 0.550781, 0.550781, 0.550781, 0.550781, 0.550781, 0.550781, 0.550781, 0.550781, 0.550781, 0.550781, 0.550781, 0.550781, 0.54878, 0.543666, 0.524553, 0.183593, 0.183593, 0.183593, 0.183593, 0.183593, 0.183593, 0.183593, 0.183593, 0.183593, 0.183593, 0.183593, 0.111617], u'best_resemblance': 0.783333, u'_id': ObjectId('57a66cb95a4f64ee04b63efc'), u'problem_id': 2123, u'owner_id': 42}
{u'owner_name': u'Unagi', u'solution_size': 1181, u'resemblances': [0.862453, 0.862453, 0.862453, 0.862453, 0.862453, 0.862453, 0.862453, 0.862453, 0.862453, 0.862453, 0.862453, 0.859832, 0.754297, 0.666666, 0.666666, 0.65909, 0.65909, 0.65909, 0.65909, 0.65909, 0.65909, 0.65909, 0.65909, 0.65909, 0.65909, 0.65909, 0.630853, 0.604166, 0.604166, 0.557692, 0.557692, 0.201388, 0.201388, 0.201388, 0.201388, 0.201388, 0.201388, 0.201388, 0.201388, 0.201388, 0.201388, 0.12931], u'best_resemblance': 0.862453, u'_id': ObjectId('57a67aca5a4f64ee04b63f4b'), u'problem_id': 2124, u'owner_id': 42}
{u'owner_name': u'Unagi', u'solution_size': 1680, u'resemblances': [0.903587, 0.903587, 0.903587, 0.903587, 0.903587, 0.903587, 0.903587, 0.903587, 0.903587, 0.903587, 0.903587, 0.903587, 0.902097, 0.662335, 0.637123, 0.625818, 0.625776, 0.625776, 0.625776, 0.625776, 0.625776, 0.625776, 0.625776, 0.625776, 0.625776, 0.625776, 0.599702, 0.599702, 0.575714, 0.575714, 0.559722, 0.404466, 0.174913, 0.174913, 0.174913, 0.174913, 0.174913, 0.174913, 0.174913, 0.174913, 0.174913], u'best_resemblance': 0.903587, u'_id': ObjectId('57a688d95a4f64ee04b63f9b'), u'problem_id': 2126, u'owner_id': 42}
{u'owner_name': u'Unagi', u'solution_size': 1825, u'resemblances': [0.836805, 0.836805, 0.836805, 0.836805, 0.836805, 0.836805, 0.836805, 0.836805, 0.836805, 0.836805, 0.83586, 0.814189, 0.799456, 0.708823, 0.708823, 0.708823, 0.708823, 0.708823, 0.708823, 0.708823, 0.708823, 0.708823, 0.708823, 0.708823, 0.614285, 0.501909, 0.418402, 0.418402, 0.418402, 0.277649, 0.277649, 0.1046, 0.1046, 0.1046, 0.1046, 0.1046, 0.1046, 0.1046, 0.1046, 0.0], u'best_resemblance': 0.836805, u'_id': ObjectId('57a696e75a4f64ee04b63fea'), u'problem_id': 2130, u'owner_id': 42}
{u'owner_name': u'Unagi', u'solution_size': 1966, u'resemblances': [0.869369, 0.869369, 0.869369, 0.869369, 0.869369, 0.869369, 0.869369, 0.869369, 0.869369, 0.869369, 0.869369, 0.828619, 0.753906, 0.753906, 0.753906, 0.753906, 0.753906, 0.753906, 0.753906, 0.753906, 0.753906, 0.753906, 0.711094, 0.595679, 0.411949, 0.335069, 0.335069, 0.335069, 0.309872, 0.188476, 0.188476, 0.083767, 0.083767, 0.083767, 0.083767, 0.083767, 0.083767, 0.083767, 0.083767], u'best_resemblance': 0.869369, u'_id': ObjectId('57a6a54e5a4f64ee04b64038'), u'problem_id': 2138, u'owner_id': 42}
{u'owner_name': u'Unagi', u'solution_size': 2380, u'resemblances': [0.864077, 0.864077, 0.864077, 0.864077, 0.864077, 0.864077, 0.864077, 0.864077, 0.864077, 0.858123, 0.784226, 0.706349, 0.706349, 0.706349, 0.706349, 0.706349, 0.706349, 0.659259, 0.612881, 0.553333, 0.529761, 0.423809, 0.423809, 0.357142, 0.154513, 0.154513, 0.154513, 0.154513, 0.154513, 0.154513, 0.154513, 0.154513, 0.154513, 0.154513, 0.044943], u'best_resemblance': 0.864077, u'_id': ObjectId('57a6b3435a4f64ee04b640b1'), u'problem_id': 4674, u'owner_id': 42}
{u'owner_name': u'Unagi', u'solution_size': 1355, u'resemblances': [0.812297, 0.812297, 0.812297, 0.812297, 0.812297, 0.812297, 0.812297, 0.812297, 0.812297, 0.753427, 0.706738, 0.697657, 0.673972, 0.660506, 0.643589, 0.643589, 0.643589, 0.643589, 0.643589, 0.643589, 0.643589, 0.643589, 0.575682, 0.402243, 0.217881, 0.217881, 0.217881, 0.217881, 0.217881, 0.217881, 0.217881, 0.217881, 0.217881, 0.12749], u'best_resemblance': 0.812297, u'_id': ObjectId('57a6c14d5a4f64ee04b640fd'), u'problem_id': 4684, u'owner_id': 42}
{u'owner_name': u'Unagi', u'solution_size': 1198, u'resemblances': [0.873893, 0.873893, 0.873893, 0.873893, 0.873893, 0.873893, 0.873893, 0.873893, 0.873893, 0.870275, 0.691495, 0.633541, 0.633012, 0.633012, 0.633012, 0.633012, 0.633012, 0.633012, 0.633012, 0.633012, 0.556089, 0.514322, 0.342881, 0.275983, 0.17144, 0.17144, 0.17144, 0.17144, 0.17144, 0.17144, 0.17144], u'best_resemblance': 0.873893, u'_id': ObjectId('57a6cf5c5a4f64ee04b6414e'), u'problem_id': 4687, u'owner_id': 42}
{u'owner_name': u'Unagi', u'solution_size': 1749, u'resemblances': [0.861538, 0.861538, 0.861538, 0.861538, 0.861538, 0.861538, 0.861538, 0.861538, 0.860986, 0.7686, 0.694214, 0.694214, 0.694214, 0.694214, 0.694214, 0.694214, 0.599458, 0.583333, 0.583333, 0.583333, 0.583333, 0.497041, 0.4375, 0.221621, 0.145833, 0.145833, 0.145833, 0.145833, 0.145833, 0.145833], u'best_resemblance': 0.861538, u'_id': ObjectId('57a6dd685a4f64ee04b6419c'), u'problem_id': 4688, u'owner_id': 42}
{u'owner_name': u'Unagi', u'solution_size': 1329, u'resemblances': [0.89759, 0.89759, 0.89759, 0.89759, 0.89759, 0.89759, 0.89759, 0.89759, 0.895123, 0.727121, 0.640387, 0.634943, 0.634943, 0.634943, 0.634943, 0.634943, 0.634943, 0.603021, 0.537259, 0.19401, 0.19401, 0.19401, 0.19401, 0.19401, 0.19401, 0.19401, 0.144082], u'best_resemblance': 0.89759, u'_id': ObjectId('57a6eb725a4f64ee04b641ea'), u'problem_id': 4694, u'owner_id': 42}
{u'owner_name': u'Unagi', u'solution_size': 2058, u'resemblances': [0.677152, 0.677152, 0.677152, 0.677152, 0.677152, 0.677152, 0.676968, 0.549704, 0.533279, 0.468257, 0.449305, 0.429621, 0.429621, 0.429621, 0.429621, 0.378703, 0.202933, 0.177517, 0.177517, 0.177517, 0.177517, 0.177517, 0.177517], u'best_resemblance': 0.677152, u'_id': ObjectId('57a6f97f5a4f64ee04b6423d'), u'problem_id': 4698, u'owner_id': 42}
{u'owner_name': u'Unagi', u'solution_size': 1383, u'resemblances': [0.900552, 0.900552, 0.900552, 0.824856, 0.802955, 0.802955, 0.802955, 0.802955, 0.802955, 0.802955, 0.721973, 0.545421, 0.141493, 0.141493, 0.141493, 0.141493, 0.141493, 0.141493, 0.040425], u'best_resemblance': 0.900552, u'_id': ObjectId('57a7078b5a4f64ee04b6428e'), u'problem_id': 4700, u'owner_id': 42}
{u'owner_name': u'Unagi', u'solution_size': 1768, u'resemblances': [0.852173, 0.684562, 0.672585, 0.670126, 0.573099, 0.573099, 0.573099, 0.55761, 0.448555, 0.340277, 0.085069, 0.085069, 0.0], u'best_resemblance': 0.852173, u'_id': ObjectId('57a7158f5a4f64ee04b642d6'), u'problem_id': 4702, u'owner_id': 42}
{u'owner_name': u'Unagi', u'solution_size': 1445, u'resemblances': [], u'best_resemblance': None, u'_id': ObjectId('57a7239c5a4f64ee04b64325'), u'problem_id': 4704, u'owner_id': 42}
http://2016sv.icfpcontest.org/problem/view/762
http://2016sv.icfpcontest.org/problem/view/1095
http://2016sv.icfpcontest.org/problem/view/1148
http://2016sv.icfpcontest.org/problem/view/1154
http://2016sv.icfpcontest.org/problem/view/1157
http://2016sv.icfpcontest.org/problem/view/1159
http://2016sv.icfpcontest.org/problem/view/1160
http://2016sv.icfpcontest.org/problem/view/1163
http://2016sv.icfpcontest.org/problem/view/1169
http://2016sv.icfpcontest.org/problem/view/2087
http://2016sv.icfpcontest.org/problem/view/2090
http://2016sv.icfpcontest.org/problem/view/2091
http://2016sv.icfpcontest.org/problem/view/2093
http://2016sv.icfpcontest.org/problem/view/2095
http://2016sv.icfpcontest.org/problem/view/2097
http://2016sv.icfpcontest.org/problem/view/2098
http://2016sv.icfpcontest.org/problem/view/3177
http://2016sv.icfpcontest.org/problem/view/2103
http://2016sv.icfpcontest.org/problem/view/2110
http://2016sv.icfpcontest.org/problem/view/2111
http://2016sv.icfpcontest.org/problem/view/2120
http://2016sv.icfpcontest.org/problem/view/2121
http://2016sv.icfpcontest.org/problem/view/2122
http://2016sv.icfpcontest.org/problem/view/2123
http://2016sv.icfpcontest.org/problem/view/2124
http://2016sv.icfpcontest.org/problem/view/2126
http://2016sv.icfpcontest.org/problem/view/2130
http://2016sv.icfpcontest.org/problem/view/2138
http://2016sv.icfpcontest.org/problem/view/4674
http://2016sv.icfpcontest.org/problem/view/4684
http://2016sv.icfpcontest.org/problem/view/4687
http://2016sv.icfpcontest.org/problem/view/4688
http://2016sv.icfpcontest.org/problem/view/4694
http://2016sv.icfpcontest.org/problem/view/4698
http://2016sv.icfpcontest.org/problem/view/4700
http://2016sv.icfpcontest.org/problem/view/4702
http://2016sv.icfpcontest.org/problem/view/4704
lost websocket connection, try to reconnect now
reconnected to slack rtm websocket

Traceback (most recent call last):
  File "rasis.py", line 10, in <module>
    main()
  File "rasis.py", line 6, in main
    bot.run()
  File "/home/icfpc/.pyenv/versions/rasis/lib/python3.5/site-packages/slackbot/bot.py", line 37, in run
    self._dispatcher.loop()
  File "/home/icfpc/.pyenv/versions/rasis/lib/python3.5/site-packages/slackbot/dispatcher.py", line 144, in loop
    time.sleep(1)
KeyboardInterrupt
failed to handle message seek Unagi with plugin "seek"
Traceback (most recent call last):
  File "/home/icfpc/.pyenv/versions/rasis/lib/python3.5/site-packages/slackbot/dispatcher.py", line 55, in _dispatch_msg_handler
    func(Message(self._client, msg), *args)
  File "/mnt/storage1/shared/rasis/plugins/rasis.py", line 20, in seek
    message.reply(line)
  File "/home/icfpc/.pyenv/versions/rasis/lib/python3.5/site-packages/slackbot/dispatcher.py", line 175, in wrapped
    return func(self, text, *a, **kw)
  File "/home/icfpc/.pyenv/versions/rasis/lib/python3.5/site-packages/slackbot/dispatcher.py", line 239, in reply
    self.send(text)
  File "/home/icfpc/.pyenv/versions/rasis/lib/python3.5/site-packages/slackbot/dispatcher.py", line 175, in wrapped
    return func(self, text, *a, **kw)
  File "/home/icfpc/.pyenv/versions/rasis/lib/python3.5/site-packages/slackbot/dispatcher.py", line 249, in send
    self._client.rtm_send_message(self._body['channel'], text)
  File "/home/icfpc/.pyenv/versions/rasis/lib/python3.5/site-packages/slackbot/slackclient.py", line 111, in rtm_send_message
    self.send_to_websocket(message_json)
  File "/home/icfpc/.pyenv/versions/rasis/lib/python3.5/site-packages/slackbot/slackclient.py", line 72, in send_to_websocket
    self.websocket.send(data)
  File "/home/icfpc/.pyenv/versions/rasis/lib/python3.5/site-packages/websocket/_core.py", line 239, in send
    return self.send_frame(frame)
  File "/home/icfpc/.pyenv/versions/rasis/lib/python3.5/site-packages/websocket/_core.py", line 264, in send_frame
    l = self._send(data)
  File "/home/icfpc/.pyenv/versions/rasis/lib/python3.5/site-packages/websocket/_core.py", line 425, in _send
    return send(self.sock, data)
  File "/home/icfpc/.pyenv/versions/rasis/lib/python3.5/site-packages/websocket/_socket.py", line 112, in send
    return sock.send(data)
  File "/home/icfpc/.pyenv/versions/3.5.1/lib/python3.5/ssl.py", line 856, in send
    return self._sslobj.write(data)
  File "/home/icfpc/.pyenv/versions/3.5.1/lib/python3.5/ssl.py", line 581, in write
    return self._sslobj.write(data)
ssl.SSLWantWriteError: The operation did not complete (write) (_ssl.c:1846)
Unhandled exception in thread started by <bound method WorkerPool.do_work of <slackbot.utils.WorkerPool object at 0x7f501a795860>>
Traceback (most recent call last):
  File "/home/icfpc/.pyenv/versions/rasis/lib/python3.5/site-packages/slackbot/dispatcher.py", line 55, in _dispatch_msg_handler
    func(Message(self._client, msg), *args)
  File "/mnt/storage1/shared/rasis/plugins/rasis.py", line 20, in seek
    message.reply(line)
  File "/home/icfpc/.pyenv/versions/rasis/lib/python3.5/site-packages/slackbot/dispatcher.py", line 175, in wrapped
    return func(self, text, *a, **kw)
  File "/home/icfpc/.pyenv/versions/rasis/lib/python3.5/site-packages/slackbot/dispatcher.py", line 239, in reply
    self.send(text)
  File "/home/icfpc/.pyenv/versions/rasis/lib/python3.5/site-packages/slackbot/dispatcher.py", line 175, in wrapped
    return func(self, text, *a, **kw)
  File "/home/icfpc/.pyenv/versions/rasis/lib/python3.5/site-packages/slackbot/dispatcher.py", line 249, in send
    self._client.rtm_send_message(self._body['channel'], text)
  File "/home/icfpc/.pyenv/versions/rasis/lib/python3.5/site-packages/slackbot/slackclient.py", line 111, in rtm_send_message
    self.send_to_websocket(message_json)
  File "/home/icfpc/.pyenv/versions/rasis/lib/python3.5/site-packages/slackbot/slackclient.py", line 72, in send_to_websocket
    self.websocket.send(data)
  File "/home/icfpc/.pyenv/versions/rasis/lib/python3.5/site-packages/websocket/_core.py", line 239, in send
    return self.send_frame(frame)
  File "/home/icfpc/.pyenv/versions/rasis/lib/python3.5/site-packages/websocket/_core.py", line 264, in send_frame
    l = self._send(data)
  File "/home/icfpc/.pyenv/versions/rasis/lib/python3.5/site-packages/websocket/_core.py", line 425, in _send
    return send(self.sock, data)
  File "/home/icfpc/.pyenv/versions/rasis/lib/python3.5/site-packages/websocket/_socket.py", line 112, in send
    return sock.send(data)
  File "/home/icfpc/.pyenv/versions/3.5.1/lib/python3.5/ssl.py", line 856, in send
    return self._sslobj.write(data)
  File "/home/icfpc/.pyenv/versions/3.5.1/lib/python3.5/ssl.py", line 581, in write
    return self._sslobj.write(data)
ssl.SSLWantWriteError: The operation did not complete (write) (_ssl.c:1846)

During handling of the above exception, another exception occurred:

Traceback (most recent call last):
  File "/home/icfpc/.pyenv/versions/rasis/lib/python3.5/site-packages/slackbot/utils.py", line 78, in do_work
    self.func(msg)
  File "/home/icfpc/.pyenv/versions/rasis/lib/python3.5/site-packages/slackbot/dispatcher.py", line 44, in dispatch_msg
    if not self._dispatch_msg_handler(category, msg):
  File "/home/icfpc/.pyenv/versions/rasis/lib/python3.5/site-packages/slackbot/dispatcher.py", line 64, in _dispatch_msg_handler
    self._client.rtm_send_message(msg['channel'], reply)
  File "/home/icfpc/.pyenv/versions/rasis/lib/python3.5/site-packages/slackbot/slackclient.py", line 111, in rtm_send_message
    self.send_to_websocket(message_json)
  File "/home/icfpc/.pyenv/versions/rasis/lib/python3.5/site-packages/slackbot/slackclient.py", line 72, in send_to_websocket
    self.websocket.send(data)
  File "/home/icfpc/.pyenv/versions/rasis/lib/python3.5/site-packages/websocket/_core.py", line 239, in send
    return self.send_frame(frame)
  File "/home/icfpc/.pyenv/versions/rasis/lib/python3.5/site-packages/websocket/_core.py", line 264, in send_frame
    l = self._send(data)
  File "/home/icfpc/.pyenv/versions/rasis/lib/python3.5/site-packages/websocket/_core.py", line 425, in _send
    return send(self.sock, data)
  File "/home/icfpc/.pyenv/versions/rasis/lib/python3.5/site-packages/websocket/_socket.py", line 112, in send
    return sock.send(data)
  File "/home/icfpc/.pyenv/versions/3.5.1/lib/python3.5/ssl.py", line 856, in send
    return self._sslobj.write(data)
  File "/home/icfpc/.pyenv/versions/3.5.1/lib/python3.5/ssl.py", line 581, in write
    return self._sslobj.write(data)
ssl.SSLError: [SSL: BAD_WRITE_RETRY] bad write retry (_ssl.c:1846)
lost websocket connection, try to reconnect now
reconnected to slack rtm websocket
lost websocket connection, try to reconnect now
reconnected to slack rtm websocket
Traceback (most recent call last):
  File "rasis.py", line 10, in <module>
    main()
  File "rasis.py", line 6, in main
    bot.run()
  File "/home/icfpc/.pyenv/versions/rasis/lib/python3.5/site-packages/slackbot/bot.py", line 37, in run
    self._dispatcher.loop()
  File "/home/icfpc/.pyenv/versions/rasis/lib/python3.5/site-packages/slackbot/dispatcher.py", line 144, in loop
    time.sleep(1)
KeyboardInterrupt
Traceback (most recent call last):
  File "rasis.py", line 10, in <module>
    main()
  File "rasis.py", line 6, in main
    bot.run()
  File "/home/icfpc/.pyenv/versions/rasis/lib/python3.5/site-packages/slackbot/bot.py", line 37, in run
    self._dispatcher.loop()
  File "/home/icfpc/.pyenv/versions/rasis/lib/python3.5/site-packages/slackbot/dispatcher.py", line 144, in loop
    time.sleep(1)
KeyboardInterrupt
lost websocket connection, try to reconnect now
reconnected to slack rtm websocket
